{"C:\\Users\\ecxxchn\\space\\github\\reactjs\\static\\src\\pages\\home\\home.jsx": {"path":"C:\\Users\\ecxxchn\\space\\github\\reactjs\\static\\src\\pages\\home\\home.jsx","statementMap":{"0":{"start":{"line":6,"column":4},"end":{"line":10,"column":6}}},"fnMap":{"0":{"name":"(anonymous_0)","decl":{"start":{"line":5,"column":2},"end":{"line":5,"column":3}},"loc":{"start":{"line":5,"column":11},"end":{"line":11,"column":3}},"line":5}},"branchMap":{},"s":{"0":1},"f":{"0":1},"b":{},"_coverageSchema":"43e27e138ebf9cfc5966b082cf9a028302ed4184","hash":"9b34de3fae203f6b2946a60609966d87d9b821c0"}
}
